{
"contracts\\HeartRithm.sol":{"l":{"24":56,"25":56,"26":56,"30":4,"34":15,"38":16,"39":8,"48":10,"52":28,"53":24,"61":14,"62":6,"70":4,"74":62,"78":12,"86":30,"87":28,"89":22,"91":22,"95":14,"96":14,"100":62,"102":60,"104":60,"105":60,"106":60,"110":12,"112":10,"114":10,"118":8,"119":8,"127":32,"128":32,"130":28,"131":28},"path":"I:\\applicature\\heartrithm.contract\\contracts\\HeartRithm.sol","s":{"1":56,"2":56,"3":56,"4":4,"5":15,"6":16,"7":8,"8":10,"9":28,"10":24,"11":14,"12":6,"13":4,"14":62,"15":12,"16":30,"17":28,"18":22,"19":22,"20":14,"21":14,"22":62,"23":60,"24":60,"25":60,"26":60,"27":12,"28":10,"29":10,"30":8,"31":8,"32":32,"33":32,"34":28,"35":28},"b":{"1":[28,2],"2":[22,6],"3":[60,2],"4":[10,2],"5":[32,0],"6":[28,4]},"f":{"1":56,"2":4,"3":15,"4":16,"5":10,"6":28,"7":14,"8":62,"9":12,"10":30,"11":62,"12":12,"13":32,"14":92},"fnMap":{"1":{"name":"constructor","line":23,"loc":{"start":{"line":23,"column":4},"end":{"line":27,"column":4}}},"2":{"name":"totalSupply","line":29,"loc":{"start":{"line":29,"column":4},"end":{"line":31,"column":4}}},"3":{"name":"balanceOf","line":33,"loc":{"start":{"line":33,"column":4},"end":{"line":35,"column":4}}},"4":{"name":"transfer","line":37,"loc":{"start":{"line":37,"column":4},"end":{"line":40,"column":4}}},"5":{"name":"allowance","line":42,"loc":{"start":{"line":42,"column":4},"end":{"line":49,"column":4}}},"6":{"name":"approve","line":51,"loc":{"start":{"line":51,"column":4},"end":{"line":54,"column":4}}},"7":{"name":"transferFrom","line":56,"loc":{"start":{"line":56,"column":4},"end":{"line":71,"column":4}}},"8":{"name":"mint","line":73,"loc":{"start":{"line":73,"column":4},"end":{"line":75,"column":4}}},"9":{"name":"burn","line":77,"loc":{"start":{"line":77,"column":4},"end":{"line":79,"column":4}}},"10":{"name":"_transfer","line":81,"loc":{"start":{"line":81,"column":4},"end":{"line":97,"column":4}}},"11":{"name":"_mint","line":99,"loc":{"start":{"line":99,"column":4},"end":{"line":107,"column":4}}},"12":{"name":"_burn","line":109,"loc":{"start":{"line":109,"column":4},"end":{"line":120,"column":4}}},"13":{"name":"_approve","line":122,"loc":{"start":{"line":122,"column":4},"end":{"line":132,"column":4}}},"14":{"name":"_beforeTokenTransfer","line":134,"loc":{"start":{"line":134,"column":4},"end":{"line":138,"column":24}}}},"statementMap":{"1":{"start":{"line":24,"column":8},"end":{"line":24,"column":26}},"2":{"start":{"line":25,"column":8},"end":{"line":25,"column":23}},"3":{"start":{"line":26,"column":8},"end":{"line":26,"column":20}},"4":{"start":{"line":30,"column":8},"end":{"line":30,"column":27}},"5":{"start":{"line":34,"column":8},"end":{"line":34,"column":33}},"6":{"start":{"line":38,"column":8},"end":{"line":38,"column":49}},"7":{"start":{"line":39,"column":8},"end":{"line":39,"column":19}},"8":{"start":{"line":48,"column":8},"end":{"line":48,"column":42}},"9":{"start":{"line":52,"column":8},"end":{"line":52,"column":46}},"10":{"start":{"line":53,"column":8},"end":{"line":53,"column":19}},"11":{"start":{"line":61,"column":8},"end":{"line":61,"column":43}},"12":{"start":{"line":62,"column":8},"end":{"line":62,"column":1758}},"13":{"start":{"line":70,"column":8},"end":{"line":70,"column":19}},"14":{"start":{"line":74,"column":8},"end":{"line":74,"column":24}},"15":{"start":{"line":78,"column":8},"end":{"line":78,"column":29}},"16":{"start":{"line":86,"column":8},"end":{"line":86,"column":82}},"17":{"start":{"line":87,"column":8},"end":{"line":87,"column":83}},"18":{"start":{"line":89,"column":8},"end":{"line":89,"column":54}},"19":{"start":{"line":91,"column":8},"end":{"line":91,"column":2596}},"20":{"start":{"line":95,"column":8},"end":{"line":95,"column":62}},"21":{"start":{"line":96,"column":8},"end":{"line":96,"column":48}},"22":{"start":{"line":100,"column":8},"end":{"line":100,"column":77}},"23":{"start":{"line":102,"column":8},"end":{"line":102,"column":56}},"24":{"start":{"line":104,"column":8},"end":{"line":104,"column":46}},"25":{"start":{"line":105,"column":8},"end":{"line":105,"column":58}},"26":{"start":{"line":106,"column":8},"end":{"line":106,"column":50}},"27":{"start":{"line":110,"column":8},"end":{"line":110,"column":79}},"28":{"start":{"line":112,"column":8},"end":{"line":112,"column":56}},"29":{"start":{"line":114,"column":8},"end":{"line":114,"column":3460}},"30":{"start":{"line":118,"column":8},"end":{"line":118,"column":46}},"31":{"start":{"line":119,"column":8},"end":{"line":119,"column":50}},"32":{"start":{"line":127,"column":8},"end":{"line":127,"column":80}},"33":{"start":{"line":128,"column":8},"end":{"line":128,"column":80}},"34":{"start":{"line":130,"column":8},"end":{"line":130,"column":43}},"35":{"start":{"line":131,"column":8},"end":{"line":131,"column":45}}},"branchMap":{"1":{"line":86,"type":"if","locations":[{"start":{"line":86,"column":8},"end":{"line":86,"column":8}},{"start":{"line":86,"column":8},"end":{"line":86,"column":8}}]},"2":{"line":87,"type":"if","locations":[{"start":{"line":87,"column":8},"end":{"line":87,"column":8}},{"start":{"line":87,"column":8},"end":{"line":87,"column":8}}]},"3":{"line":100,"type":"if","locations":[{"start":{"line":100,"column":8},"end":{"line":100,"column":8}},{"start":{"line":100,"column":8},"end":{"line":100,"column":8}}]},"4":{"line":110,"type":"if","locations":[{"start":{"line":110,"column":8},"end":{"line":110,"column":8}},{"start":{"line":110,"column":8},"end":{"line":110,"column":8}}]},"5":{"line":127,"type":"if","locations":[{"start":{"line":127,"column":8},"end":{"line":127,"column":8}},{"start":{"line":127,"column":8},"end":{"line":127,"column":8}}]},"6":{"line":128,"type":"if","locations":[{"start":{"line":128,"column":8},"end":{"line":128,"column":8}},{"start":{"line":128,"column":8},"end":{"line":128,"column":8}}]}}}}
