TN:
SF:I:\applicature\heartrithm.contract\contracts\HeartRithm.sol
FN:23,constructor
FN:29,totalSupply
FN:33,balanceOf
FN:37,transfer
FN:42,allowance
FN:51,approve
FN:56,transferFrom
FN:73,mint
FN:77,burn
FN:81,_transfer
FN:99,_mint
FN:109,_burn
FN:122,_approve
FN:134,_beforeTokenTransfer
FNF:14
FNH:14
FNDA:56,constructor
FNDA:4,totalSupply
FNDA:15,balanceOf
FNDA:16,transfer
FNDA:10,allowance
FNDA:28,approve
FNDA:14,transferFrom
FNDA:62,mint
FNDA:12,burn
FNDA:30,_transfer
FNDA:62,_mint
FNDA:12,_burn
FNDA:32,_approve
FNDA:92,_beforeTokenTransfer
DA:24,56
DA:25,56
DA:26,56
DA:30,4
DA:34,15
DA:38,16
DA:39,8
DA:48,10
DA:52,28
DA:53,24
DA:61,14
DA:62,6
DA:70,4
DA:74,62
DA:78,12
DA:86,30
DA:87,28
DA:89,22
DA:91,22
DA:95,14
DA:96,14
DA:100,62
DA:102,60
DA:104,60
DA:105,60
DA:106,60
DA:110,12
DA:112,10
DA:114,10
DA:118,8
DA:119,8
DA:127,32
DA:128,32
DA:130,28
DA:131,28
LF:35
LH:35
BRDA:86,1,0,28
BRDA:86,1,1,2
BRDA:87,2,0,22
BRDA:87,2,1,6
BRDA:100,3,0,60
BRDA:100,3,1,2
BRDA:110,4,0,10
BRDA:110,4,1,2
BRDA:127,5,0,32
BRDA:127,5,1,0
BRDA:128,6,0,28
BRDA:128,6,1,4
BRF:12
BRH:11
end_of_record
